c:\projects\uperl\x64\release\uperl64.bsc
c:\projects\uperl\uperl\x64\release\uperl64.pch
c:\projects\uperl\uperl\x64\release\vc140.pdb
c:\projects\uperl\uperl\x64\release\stdafx.sbr
c:\projects\uperl\uperl\x64\release\stdafx.obj
c:\projects\uperl\uperl\x64\release\assemblyinfo.sbr
c:\projects\uperl\uperl\x64\release\uperl.sbr
c:\projects\uperl\uperl\x64\release\uperl.obj
c:\projects\uperl\uperl\x64\release\assemblyinfo.obj
c:\projects\uperl\uperl\x64\release\.netframework,version=v4.0.assemblyattributes.sbr
c:\projects\uperl\uperl\x64\release\.netframework,version=v4.0.assemblyattributes.obj
c:\projects\uperl\uperl\x64\release\.netframework,version=v4.0.assemblyattributes.asm
c:\projects\uperl\x64\release\uperl64.dll
c:\projects\uperl\x64\release\uperl64.pdb
c:\projects\uperl\uperl\x64\release\app.res
c:\projects\uperl\x64\release\uperl64.lib
c:\projects\uperl\x64\release\uperl64.exp
c:\projects\uperl\uperl\x64\release\uperl.tlog\bscmake.command.1.tlog
c:\projects\uperl\uperl\x64\release\uperl.tlog\bscmake.read.1.tlog
c:\projects\uperl\uperl\x64\release\uperl.tlog\bscmake.write.1.tlog
c:\projects\uperl\uperl\x64\release\uperl.tlog\cl.command.1.tlog
c:\projects\uperl\uperl\x64\release\uperl.tlog\cl.read.1.tlog
c:\projects\uperl\uperl\x64\release\uperl.tlog\cl.write.1.tlog
c:\projects\uperl\uperl\x64\release\uperl.tlog\link.command.1.tlog
c:\projects\uperl\uperl\x64\release\uperl.tlog\link.read.1.tlog
c:\projects\uperl\uperl\x64\release\uperl.tlog\link.write.1.tlog
c:\projects\uperl\uperl\x64\release\uperl.tlog\rc.command.1.tlog
c:\projects\uperl\uperl\x64\release\uperl.tlog\rc.read.1.tlog
c:\projects\uperl\uperl\x64\release\uperl.tlog\rc.write.1.tlog
c:\projects\uperl\uperl\x64\release\uperl.tlog\uperl.write.1u.tlog
