c:\projects\uperl\uperl\x64\release\uperl.pch
c:\projects\uperl\uperl\x64\release\vc140.pdb
c:\projects\uperl\uperl\x64\release\stdafx.obj
c:\projects\uperl\uperl\x64\release\uperl.obj
c:\projects\uperl\uperl\x64\release\assemblyinfo.obj
c:\projects\uperl\uperl\x64\release\.netframework,version=v4.0.assemblyattributes.obj
c:\projects\uperl\uperl\x64\release\.netframework,version=v4.0.assemblyattributes.asm
c:\projects\uperl\uperl\x64\release\app.res
c:\projects\uperl\uperl\x64\release\uperl.tlog\cl.command.1.tlog
c:\projects\uperl\uperl\x64\release\uperl.tlog\cl.read.1.tlog
c:\projects\uperl\uperl\x64\release\uperl.tlog\cl.write.1.tlog
c:\projects\uperl\uperl\x64\release\uperl.tlog\link.command.1.tlog
c:\projects\uperl\uperl\x64\release\uperl.tlog\link.read.1.tlog
c:\projects\uperl\uperl\x64\release\uperl.tlog\link.write.1.tlog
c:\projects\uperl\uperl\x64\release\uperl.tlog\metagen.read.1.tlog
c:\projects\uperl\uperl\x64\release\uperl.tlog\metagen.write.1.tlog
c:\projects\uperl\uperl\x64\release\uperl.tlog\rc.command.1.tlog
c:\projects\uperl\uperl\x64\release\uperl.tlog\rc.read.1.tlog
c:\projects\uperl\uperl\x64\release\uperl.tlog\rc.write.1.tlog
c:\projects\uperl\uperl\x64\release\uperl.tlog\tzres.dll.bi
