c:\projects\uperl\release\uperl.bsc
c:\projects\uperl\uperl\release\uperl.pch
c:\projects\uperl\uperl\release\vc140.pdb
c:\projects\uperl\uperl\release\stdafx.sbr
c:\projects\uperl\uperl\release\stdafx.obj
c:\projects\uperl\uperl\release\assemblyinfo.sbr
c:\projects\uperl\uperl\release\uperl.sbr
c:\projects\uperl\uperl\release\uperl.obj
c:\projects\uperl\uperl\release\assemblyinfo.obj
c:\projects\uperl\uperl\release\.netframework,version=v4.0.assemblyattributes.sbr
c:\projects\uperl\uperl\release\.netframework,version=v4.0.assemblyattributes.obj
c:\projects\uperl\uperl\release\.netframework,version=v4.0.assemblyattributes.asm
c:\projects\uperl\release\uperl.dll
c:\projects\uperl\release\uperl.pdb
c:\projects\uperl\uperl\release\app.res
c:\projects\uperl\release\uperl.lib
c:\projects\uperl\release\uperl.exp
c:\users\chad singer\onedrive - protohype studios\projects\uperl\uperl\release\uperl.vcxprojresolveassemblyreference.cache
c:\users\chad singer\onedrive - protohype studios\projects\uperl\uperl\release\.netframework,version=v4.0.assemblyattributes.obj
c:\users\chad singer\onedrive - protohype studios\projects\uperl\uperl\release\assemblyinfo.obj
c:\users\chad singer\onedrive - protohype studios\projects\uperl\uperl\release\stdafx.obj
c:\users\chad singer\onedrive - protohype studios\projects\uperl\uperl\release\uperl.obj
c:\users\chad singer\onedrive - protohype studios\projects\uperl\uperl\release\app.res
c:\users\chad singer\onedrive - protohype studios\projects\uperl\uperl\release\uperl.pch
c:\users\chad singer\onedrive - protohype studios\projects\uperl\uperl\release\vc140.pdb
c:\users\chad singer\onedrive - protohype studios\projects\uperl\uperl\release\.netframework,version=v4.0.assemblyattributes.sbr
c:\users\chad singer\onedrive - protohype studios\projects\uperl\uperl\release\assemblyinfo.sbr
c:\users\chad singer\onedrive - protohype studios\projects\uperl\uperl\release\stdafx.sbr
c:\users\chad singer\onedrive - protohype studios\projects\uperl\uperl\release\uperl.sbr
c:\users\chad singer\onedrive - protohype studios\projects\uperl\uperl\release\uperl.tlog\bscmake.command.1.tlog
c:\users\chad singer\onedrive - protohype studios\projects\uperl\uperl\release\uperl.tlog\bscmake.read.1.tlog
c:\users\chad singer\onedrive - protohype studios\projects\uperl\uperl\release\uperl.tlog\bscmake.write.1.tlog
c:\users\chad singer\onedrive - protohype studios\projects\uperl\uperl\release\uperl.tlog\cl.command.1.tlog
c:\users\chad singer\onedrive - protohype studios\projects\uperl\uperl\release\uperl.tlog\cl.read.1.tlog
c:\users\chad singer\onedrive - protohype studios\projects\uperl\uperl\release\uperl.tlog\cl.write.1.tlog
c:\users\chad singer\onedrive - protohype studios\projects\uperl\uperl\release\uperl.tlog\link.command.1.tlog
c:\users\chad singer\onedrive - protohype studios\projects\uperl\uperl\release\uperl.tlog\link.read.1.tlog
c:\users\chad singer\onedrive - protohype studios\projects\uperl\uperl\release\uperl.tlog\link.write.1.tlog
c:\users\chad singer\onedrive - protohype studios\projects\uperl\uperl\release\uperl.tlog\rc.command.1.tlog
c:\users\chad singer\onedrive - protohype studios\projects\uperl\uperl\release\uperl.tlog\rc.read.1.tlog
c:\users\chad singer\onedrive - protohype studios\projects\uperl\uperl\release\uperl.tlog\rc.write.1.tlog
c:\users\chad singer\onedrive - protohype studios\projects\uperl\uperl\release\uperl.tlog\uperl.write.1u.tlog
